<?xml version="1.0" encoding="UTF-8"?>
<!-- Generated by org.testng.reporters.JUnitReportReporter -->
<testsuite hostname="DESKTOP-SPPT2CF" failures="0" tests="1" name="scenarios.FarmDoctor" time="20.055" errors="0" timestamp="2021-12-25T12:19:01 WIB" skipped="0">
  <testcase classname="scenarios.FarmDoctor" name="scenarioSecondApp" time="20.055"/>
  <system-out/>
</testsuite> <!-- scenarios.FarmDoctor -->
