<?xml version="1.0" encoding="UTF-8"?>
<!-- Generated by org.testng.reporters.JUnitReportReporter -->
<testsuite hostname="DESKTOP-SPPT2CF" failures="0" tests="1" name="scenarios.FarmDoctorOld" time="71.105" errors="0" timestamp="2022-01-01T16:26:43 WIB" skipped="0">
  <testcase classname="scenarios.FarmDoctorOld" name="scenarioSecondApp" time="71.105"/>
  <system-out/>
</testsuite> <!-- scenarios.FarmDoctorOld -->
