<?xml version="1.0" encoding="UTF-8"?>
<!-- Generated by org.testng.reporters.JUnitReportReporter -->
<testsuite hostname="DESKTOP-SPPT2CF" failures="0" tests="2" name="scenarios.FarmDoctorNew" time="85.317" errors="0" timestamp="2022-01-01T16:26:43 WIB" skipped="0">
  <testcase classname="scenarios.FarmDoctorNew" name="scenarioSecondApp" time="45.250"/>
  <system-out/>
  <testcase classname="scenarios.FarmDoctorNew" name="scenarioSecondApp" time="40.067"/>
  <system-out/>
</testsuite> <!-- scenarios.FarmDoctorNew -->
