<?xml version="1.0" encoding="UTF-8"?>
<!-- Generated by org.testng.reporters.JUnitReportReporter -->
<testsuite hostname="DESKTOP-SPPT2CF" failures="0" tests="1" name="scenarios.ApiApp" time="30.409" errors="0" timestamp="2021-12-26T18:04:48 WIB" skipped="0">
  <testcase classname="scenarios.ApiApp" name="scenarioFirstApp" time="30.409"/>
  <system-out/>
</testsuite> <!-- scenarios.ApiApp -->
